-9.238944897280378932e-01 1.051119344766345609e+00
-8.017130346746370595e-01 1.077509503892968290e+00
-7.200263551370189585e-01 1.122538759290282018e+00
-7.747529923814572284e-01 1.128782034508333920e+00
-8.994504738260780119e-01 1.116773608152053399e+00
-1.075752867391817524e+00 1.123307078769256284e+00
-1.595519643895060069e+00 1.652092072892602515e+00
-2.626093303452130989e+00 2.575013447366611530e+00
-4.304422231703933122e+00 4.146871506888228254e+00
-7.075044461048211275e+00 6.806878577831982469e+00
-1.173212887042947372e+01 1.134333567960039346e+01
-1.935526999386381775e+01 1.883127616750821076e+01
-3.231660083274337580e+01 3.163819525300413815e+01
-5.464795208234309598e+01 5.378932425595489519e+01
-9.404571003248007344e+01 9.297139582911053424e+01
-1.640206661721309729e+02 1.626825365061550883e+02
-2.643580823090570675e+02 2.626976902050207627e+02
-3.923358341791614521e+02 3.902869713445039679e+02
-5.388609649813932947e+02 5.363269437927668832e+02
-6.269005764843525412e+02 6.237186795140460163e+02
-5.397078716979762021e+02 5.356505585590747387e+02
-4.289553770922505578e+02 4.239093984587911450e+02
-3.247462981251873089e+02 3.183918325034757117e+02
-2.462790946811346657e+02 2.394230048821673904e+02
-1.893697471980019316e+02 1.819780507382110670e+02
-1.511673933460774037e+02 1.430889584388881417e+02
-1.221193371276341395e+02 1.129405563309527167e+02
-1.009835967200249627e+02 9.034395562146303860e+01
-8.607990534341652733e+01 7.349936744446549142e+01
-7.710929688440879204e+01 6.168247626768177838e+01
-7.180394684681161266e+01 5.242850172654397056e+01
-6.993917700011095917e+01 4.493139980981425907e+01
-7.078024457476148257e+01 3.785781746125611846e+01
-7.441283496325526414e+01 3.074994133140060626e+01
-7.986721897881382404e+01 2.336613623411717455e+01
-8.804616233866461528e+01 1.389567466797501538e+01
-1.003352393331580998e+02 1.348320008757582400e+00
-1.172524019537192714e+02 -9.474459856538128832e-01
-1.158882696478587349e+02 -9.967837946099282753e-01
-1.147415519817385814e+02 -1.040184209305358820e+00
-1.148874513865337974e+02 -1.084939458070175888e+00
-1.148495847525800571e+02 -1.110674006573334260e+00
-1.159929465908383861e+02 -1.142934025086920435e+00
-1.168858643339428625e+02 -1.141048169500289866e+00
-1.172925353030120732e+02 -1.059855458611011159e+00
-1.124616098395969175e+02 8.835433846870699881e+00
-1.095597461245450717e+02 1.922349830292183981e+01
-1.082365179711897980e+02 2.823613670113353180e+01
-1.082223865058789301e+02 3.664801698921526452e+01
-1.091939854111151789e+02 4.423791903742242937e+01
-1.097094971137595820e+02 4.973108831258581120e+01
-1.106490335652456025e+02 5.504102752941757615e+01
-1.119277592092555977e+02 5.992071669262544731e+01
-1.137544000844877843e+02 6.474596504988606682e+01
-1.156447855219139740e+02 6.911616601839597251e+01
-1.173362724534258774e+02 7.268662169503535608e+01
-1.192366445211175545e+02 7.618152382435367542e+01
-1.212283969486797162e+02 7.951172407698331313e+01
-1.233718259246264068e+02 8.274993485329009957e+01
-1.255761742271580630e+02 8.587256636816930211e+01
-1.277092934617135853e+02 8.877515793443144787e+01
-1.299087299900442076e+02 9.161355622759670325e+01
-1.321862507016175243e+02 9.439774053383905539e+01
-1.343892623146154222e+02 9.706275655022344040e+01
-1.364444653948974064e+02 9.952617952667857537e+01
-1.385920437715897719e+02 1.020311183131577621e+02
-1.407928275252784260e+02 1.045106086468462649e+02
-1.430081787397478763e+02 1.068962253380997396e+02
-1.451376274924348309e+02 1.091244596632125194e+02
-1.476100366134066633e+02 1.115829958313214831e+02
-1.500451640211557844e+02 1.139742998190406098e+02
-1.525156433652182955e+02 1.163259860008276405e+02
-1.550421677711201767e+02 1.186862511246116725e+02
-1.575306847313082415e+02 1.210009101868329537e+02
-1.599286768271232688e+02 1.231957381885931966e+02
-1.623620550973277830e+02 1.253791855454533390e+02
-1.634758537575613389e+02 1.262700484722651311e+02
-1.646434575965849376e+02 1.271736533664621476e+02
-1.657154921266688348e+02 1.278846315262695583e+02
-1.667800943160878262e+02 1.284614753092455715e+02
-1.679251854142366369e+02 1.291163348160621354e+02
-1.688894064551956831e+02 1.295946423119498832e+02
-1.699716163558852031e+02 1.301125331419174813e+02
-1.712086411112391602e+02 1.307806037010352043e+02
-1.726476176918418162e+02 1.316707913874023745e+02
-1.742751942136081880e+02 1.327444865877538973e+02
-1.752774340998185210e+02 1.331373057369163746e+02
-1.763642167024079015e+02 1.337026782353968599e+02
-1.774008768247388161e+02 1.342479321273133337e+02
-1.785923164401500856e+02 1.349566938936362419e+02
-1.798733270986900834e+02 1.357656094173730139e+02
-1.812238281867403202e+02 1.366426449067899966e+02
-1.822131562732362511e+02 1.372503710967972950e+02
-1.805135628871964855e+02 1.357275944747611902e+02
-1.791812441266707197e+02 1.345058118468772363e+02
-1.781903542202009305e+02 1.335409647070136714e+02
-1.770964325733422129e+02 1.324735152707825705e+02
-1.756106889823745689e+02 1.309507953862496095e+02
-1.743704694453849697e+02 1.296490097151845475e+02
-1.735260074848182228e+02 1.287060969023827113e+02
