4.999997466802597046e-02
7.657007128000259399e-02
1.065342873334884644e-01
1.031096205115318298e-01
8.397911489009857178e-02
5.495028942823410034e-02
1.912386715412139893e-02
-2.099454775452613831e-02
-6.407123804092407227e-02
-1.093685925006866455e-01
-1.565694808959960938e-01
-2.053336203098297119e-01
-2.554661631584167480e-01
-3.068065643310546875e-01
-3.589283525943756104e-01
-4.110958278179168701e-01
-4.621537029743194580e-01
-5.110493898391723633e-01
-5.578725337982177734e-01
-6.039762496948242188e-01
-6.492920517921447754e-01
-6.917082667350769043e-01
-7.341419458389282227e-01
-7.733381986618041992e-01
-8.108994364738464355e-01
-8.474721908569335938e-01
-8.843079805374145508e-01
-9.213865995407104492e-01
-9.581093192100524902e-01
-9.951488375663757324e-01
-1.031814336776733398e+00
-1.068642377853393555e+00
-1.104924678802490234e+00
-1.140300989151000977e+00
-1.173839330673217773e+00
-1.206509828567504883e+00
-1.238012075424194336e+00
-1.267810821533203125e+00
-1.295686841011047363e+00
-1.322054266929626465e+00
-1.346955060958862305e+00
-1.370072484016418457e+00
-1.392304778099060059e+00
-1.413338303565979004e+00
-1.433373093605041504e+00
-1.452176094055175781e+00
-1.470018744468688965e+00
-1.486354112625122070e+00
-1.501102328300476074e+00
-1.514922261238098145e+00
-1.522306084632873535e+00
-1.528800129890441895e+00
-1.534994482994079590e+00
-1.540824413299560547e+00
-1.546644926071166992e+00
-1.552428007125854492e+00
-1.557839035987854004e+00
-1.562882184982299805e+00
-1.567735195159912109e+00
-1.572307229042053223e+00
-1.576680898666381836e+00
-1.580905318260192871e+00
-1.584947109222412109e+00
-1.588360667228698730e+00
-1.591804504394531250e+00
-1.595037698745727539e+00
-1.598182678222656250e+00
-1.601301789283752441e+00
-1.604390382766723633e+00
-1.607434630393981934e+00
-1.610318064689636230e+00
-1.613115191459655762e+00
-1.615769028663635254e+00
-1.618230938911437988e+00
-1.620681405067443848e+00
-1.623104095458984375e+00
-1.625921249389648438e+00
-1.628674864768981934e+00
-1.631477236747741699e+00
-1.634585261344909668e+00
-1.637623548507690430e+00
-1.640659689903259277e+00
-1.643532037734985352e+00
-1.646396756172180176e+00
-1.649049520492553711e+00
-1.651575684547424316e+00
-1.654224872589111328e+00
-1.656791210174560547e+00
-1.659208178520202637e+00
-1.661479592323303223e+00
-1.663650751113891602e+00
-1.665732264518737793e+00
-1.667601704597473145e+00
-1.669379234313964844e+00
-1.671121835708618164e+00
-1.672958731651306152e+00
-1.674980044364929199e+00
-1.677289366722106934e+00
-1.679580211639404297e+00
-1.681851506233215332e+00
