9.500000476837158203e-01
9.227764010429382324e-01
9.079686999320983887e-01
9.202983379364013672e-01
9.456180334091186523e-01
9.796241521835327148e-01
1.018284797668457031e+00
1.059826493263244629e+00
1.103214502334594727e+00
1.148182749748229980e+00
1.194652915000915527e+00
1.241571426391601562e+00
1.289662599563598633e+00
1.338876366615295410e+00
1.389562964439392090e+00
1.441307783126831055e+00
1.489910840988159180e+00
1.534258961677551270e+00
1.574697971343994141e+00
1.606486439704895020e+00
1.614138603210449219e+00
1.612905621528625488e+00
1.607068657875061035e+00
1.600655794143676758e+00
1.594494581222534180e+00
1.591012597084045410e+00
1.587882995605468750e+00
1.586851358413696289e+00
1.587887287139892578e+00
1.592771053314208984e+00
1.599847912788391113e+00
1.609530687332153320e+00
1.620783209800720215e+00
1.633422255516052246e+00
1.646481871604919434e+00
1.659253597259521484e+00
1.672099232673645020e+00
1.684589505195617676e+00
1.696168184280395508e+00
1.707400321960449219e+00
1.718404889106750488e+00
1.729609489440917969e+00
1.740379214286804199e+00
1.751326918601989746e+00
1.761621594429016113e+00
1.774027585983276367e+00
1.786101102828979492e+00
1.797407388687133789e+00
1.808449268341064453e+00
1.818895578384399414e+00
1.825392723083496094e+00
1.831684112548828125e+00
1.837630271911621094e+00
1.843546271324157715e+00
1.849109411239624023e+00
1.854040980339050293e+00
1.858810186386108398e+00
1.863322973251342773e+00
1.867705225944519043e+00
1.871865272521972656e+00
1.875768303871154785e+00
1.879566311836242676e+00
1.883244514465332031e+00
1.886621117591857910e+00
1.889865756034851074e+00
1.893065929412841797e+00
1.896185994148254395e+00
1.899204730987548828e+00
1.902074575424194336e+00
1.904896616935729980e+00
1.907574534416198730e+00
1.910315752029418945e+00
1.912981271743774414e+00
1.915500044822692871e+00
1.917921185493469238e+00
1.920286297798156738e+00
1.922035694122314453e+00
1.923735141754150391e+00
1.925327897071838379e+00
1.926915645599365234e+00
1.928525209426879883e+00
1.930026888847351074e+00
1.931440711021423340e+00
1.932938575744628906e+00
1.934559464454650879e+00
1.936245799064636230e+00
1.937616348266601562e+00
1.939039111137390137e+00
1.940372705459594727e+00
1.941760778427124023e+00
1.943119168281555176e+00
1.944475054740905762e+00
1.945614337921142578e+00
1.945414900779724121e+00
1.945376992225646973e+00
1.945552349090576172e+00
1.945743441581726074e+00
1.945817828178405762e+00
1.945956945419311523e+00
1.946294665336608887e+00
