4.999997466802597046e-02
7.657007128000259399e-02
1.063580811023712158e-01
1.040174216032028198e-01
8.639970421791076660e-02
5.904893577098846436e-02
2.432727068662643433e-02
-1.504183188080787659e-02
-5.768360942602157593e-02
-1.027885973453521729e-01
-1.498448699712753296e-01
-1.985226124525070190e-01
-2.485877126455307007e-01
-2.998561263084411621e-01
-3.520805239677429199e-01
-4.047075510025024414e-01
-4.567862749099731445e-01
-5.071784257888793945e-01
-5.559581518173217773e-01
-6.047427654266357422e-01
-6.534595489501953125e-01
-6.991559267044067383e-01
-7.456790208816528320e-01
-7.868775129318237305e-01
-8.268986344337463379e-01
-8.667038679122924805e-01
-9.081405997276306152e-01
-9.507538676261901855e-01
-9.938558340072631836e-01
-1.038587570190429688e+00
-1.083883285522460938e+00
-1.130499958992004395e+00
-1.177534103393554688e+00
-1.224135756492614746e+00
-1.268313527107238770e+00
-1.312456011772155762e+00
-1.356422781944274902e+00
-1.399003744125366211e+00
-1.429993629455566406e+00
-1.459398627281188965e+00
-1.488254785537719727e+00
-1.514496326446533203e+00
-1.540976524353027344e+00
-1.565468907356262207e+00
-1.588847875595092773e+00
-1.598624944686889648e+00
-1.608366250991821289e+00
-1.617691278457641602e+00
-1.625879645347595215e+00
-1.634179353713989258e+00
-1.635931968688964844e+00
-1.636888504028320312e+00
-1.638247370719909668e+00
-1.639809727668762207e+00
-1.642016172409057617e+00
-1.645107626914978027e+00
-1.648185014724731445e+00
-1.651249170303344727e+00
-1.654516935348510742e+00
-1.657778501510620117e+00
-1.661108851432800293e+00
-1.664523243904113770e+00
-1.668005466461181641e+00
-1.670876502990722656e+00
-1.673923850059509277e+00
-1.676831603050231934e+00
-1.679806590080261230e+00
-1.682979822158813477e+00
-1.686272859573364258e+00
-1.689756870269775391e+00
-1.693128824234008789e+00
-1.696552753448486328e+00
-1.699931383132934570e+00
-1.703119993209838867e+00
-1.706352949142456055e+00
-1.709658384323120117e+00
-1.713352560997009277e+00
-1.717067956924438477e+00
-1.721055865287780762e+00
-1.725683450698852539e+00
-1.730215787887573242e+00
-1.734744310379028320e+00
-1.739241957664489746e+00
-1.743719458580017090e+00
-1.747898221015930176e+00
-1.751930594444274902e+00
-1.756208896636962891e+00
-1.760204911231994629e+00
-1.763965725898742676e+00
-1.767533659934997559e+00
-1.770962476730346680e+00
-1.774279952049255371e+00
-1.777181744575500488e+00
-1.778997898101806641e+00
-1.780888676643371582e+00
-1.783028960227966309e+00
-1.785406231880187988e+00
-1.788211822509765625e+00
-1.791032552719116211e+00
-1.793888688087463379e+00
