2.723471923828125000e+03
1.863949584960937500e+03
2.033147705078125000e+03
2.613526855468750000e+03
1.617397265625000000e+04
5.966602539062500000e+03
4.933670898437500000e+03
6.169797363281250000e+03
1.018077441406250000e+04
4.710293945312500000e+03
3.113277587890625000e+03
4.106018359375000000e+04
1.820575976562500000e+04
8.410843750000000000e+03
1.794107031250000000e+04
3.343193750000000000e+04
1.472999804687500000e+04
1.126485703125000000e+05
4.245666796875000000e+04
4.138658750000000000e+06
1.009668359375000000e+05
2.179805468750000000e+04
7.002801562500000000e+04
1.732608789062500000e+04
7.470587500000000000e+04
1.020885449218750000e+04
2.398881250000000000e+04
1.128575683593750000e+04
2.008299609375000000e+04
3.823431640625000000e+04
1.131223730468750000e+04
2.343933125000000000e+05
1.011142480468750000e+04
1.478110595703125000e+03
1.334622039794921875e+02
1.072789764404296875e+02
1.080929870605468750e+02
1.224756088256835938e+02
1.085317840576171875e+02
9.677816009521484375e+01
8.808013916015625000e+01
7.997864532470703125e+01
7.409606170654296875e+01
6.834814453125000000e+01
6.291718673706054688e+01
5.453580093383789062e+01
4.799000549316406250e+01
4.534955978393554688e+01
5.239697265625000000e+01
6.562036132812500000e+01
1.215972976684570312e+02
8.263621826171875000e+02
2.849244140625000000e+03
6.407323608398437500e+02
1.475305419921875000e+03
1.622885742187500000e+03
1.852717285156250000e+03
5.276803222656250000e+03
3.309570556640625000e+03
3.686361816406250000e+03
3.882194091796875000e+03
2.949258984375000000e+04
8.178930175781250000e+03
2.536246093750000000e+03
2.232589257812500000e+04
1.550640527343750000e+04
3.226473632812500000e+03
5.314237304687500000e+03
5.052887207031250000e+03
1.275082128906250000e+04
6.372167480468750000e+03
7.066943847656250000e+03
7.013482421875000000e+03
3.753370117187500000e+03
2.718897216796875000e+03
4.906597656250000000e+03
4.675399414062500000e+03
5.261346679687500000e+03
4.493819921875000000e+04
3.598585449218750000e+03
1.065486816406250000e+04
5.270441250000000000e+05
5.077534667968750000e+03
1.139719335937500000e+04
5.614843261718750000e+03
4.102126953125000000e+03
5.741413085937500000e+03
2.050454882812500000e+04
4.694551269531250000e+03
3.498263671875000000e+04
6.815835449218750000e+03
3.949157812500000000e+04
9.549137500000000000e+04
2.582489062500000000e+04
1.455289746093750000e+04
4.952993164062500000e+03
8.631011718750000000e+03
9.898889648437500000e+03
3.466586425781250000e+03
1.605349902343750000e+04
