0.000000000000000000e+00
-3.720594197511672974e-02
-4.062126576900482178e-02
-6.970904022455215454e-02
-1.063926145434379578e-01
-1.472634524106979370e-01
-1.906874626874923706e-01
-2.331886887550354004e-01
-2.665715813636779785e-01
-2.779820263385772705e-01
-2.684591114521026611e-01
-2.444732934236526489e-01
-2.121147513389587402e-01
-1.744123101234436035e-01
-1.325291097164154053e-01
-8.748163282871246338e-02
-4.170102626085281372e-02
2.859361469745635986e-03
4.797798022627830505e-02
9.600219130516052246e-02
1.460535675287246704e-01
1.880690753459930420e-01
2.316867113113403320e-01
2.373778820037841797e-01
2.439108341932296753e-01
2.544467449188232422e-01
2.744290530681610107e-01
2.989519238471984863e-01
3.278647959232330322e-01
3.643664121627807617e-01
4.054895937442779541e-01
4.516142904758453369e-01
5.011964440345764160e-01
5.518144369125366211e-01
5.973870754241943359e-01
6.455877423286437988e-01
6.970499753952026367e-01
7.493734955787658691e-01
7.407333850860595703e-01
7.323372364044189453e-01
7.271094918251037598e-01
7.201418280601501465e-01
7.165876626968383789e-01
7.111208438873291016e-01
7.044944167137145996e-01
6.733211278915405273e-01
6.444402337074279785e-01
6.186658143997192383e-01
5.949876904487609863e-01
5.740988850593566895e-01
5.574856996536254883e-01
5.417362451553344727e-01
5.276716351509094238e-01
5.150957703590393066e-01
5.039483904838562012e-01
4.948966503143310547e-01
4.868412315845489502e-01
4.797756075859069824e-01
4.737228751182556152e-01
4.684496223926544189e-01
4.638589322566986084e-01
4.598948061466217041e-01
4.566065967082977295e-01
4.536100327968597412e-01
4.508677423000335693e-01
4.484129250049591064e-01
4.463932216167449951e-01
4.449810981750488281e-01
4.439762532711029053e-01
4.436198472976684570e-01
4.434570968151092529e-01
4.437342584133148193e-01
4.442966580390930176e-01
4.449237883090972900e-01
4.457124769687652588e-01
4.467577934265136719e-01
4.475895762443542480e-01
4.486469626426696777e-01
4.502113759517669678e-01
4.523871839046478271e-01
4.545526504516601562e-01
4.566602706909179688e-01
4.591586291790008545e-01
4.616394639015197754e-01
4.640078246593475342e-01
4.663802981376647949e-01
4.689643085002899170e-01
4.710983335971832275e-01
4.730803072452545166e-01
4.750145077705383301e-01
4.768877029418945312e-01
4.787555336952209473e-01
4.802162051200866699e-01
4.791693687438964844e-01
4.784244000911712646e-01
4.780496060848236084e-01
4.776453077793121338e-01
4.774917662143707275e-01
4.774531722068786621e-01
4.775847494602203369e-01
