-5.499999523162841797e-01
-5.604494810104370117e-01
-5.536723136901855469e-01
-5.277652740478515625e-01
-4.933233261108398438e-01
-4.541352987289428711e-01
-4.125052094459533691e-01
-3.691722154617309570e-01
-3.248364031314849854e-01
-2.795329391956329346e-01
-2.330670505762100220e-01
-1.869635283946990967e-01
-1.397203803062438965e-01
-9.142471849918365479e-02
-4.153509810566902161e-02
9.645126760005950928e-03
5.280883237719535828e-02
8.887107670307159424e-02
1.174728050827980042e-01
1.303250789642333984e-01
1.143778935074806213e-01
9.138415008783340454e-02
6.382611393928527832e-02
3.543610870838165283e-02
8.550230413675308228e-03
-1.480506733059883118e-02
-3.730972856283187866e-02
-5.841030925512313843e-02
-7.725048810243606567e-02
-9.224024415016174316e-02
-1.044752895832061768e-01
-1.136402264237403870e-01
-1.206071525812149048e-01
-1.254444122314453125e-01
-1.288475394248962402e-01
-1.315443366765975952e-01
-1.332368999719619751e-01
-1.348520517349243164e-01
-1.369893103837966919e-01
-1.384427845478057861e-01
-1.392049044370651245e-01
-1.390405744314193726e-01
-1.386822611093521118e-01
-1.373512297868728638e-01
-1.358457058668136597e-01
-1.306464672088623047e-01
-1.251866072416305542e-01
-1.198702231049537659e-01
-1.144135147333145142e-01
-1.091796904802322388e-01
-1.056132316589355469e-01
-1.021139696240425110e-01
-9.878320991992950439e-02
-9.532953798770904541e-02
-9.216345101594924927e-02
-8.968761563301086426e-02
-8.722276240587234497e-02
-8.488178998231887817e-02
-8.257955312728881836e-02
-8.035705983638763428e-02
-7.830377668142318726e-02
-7.629198580980300903e-02
-7.434148341417312622e-02
-7.252057641744613647e-02
-7.082001864910125732e-02
-6.908547878265380859e-02
-6.737644970417022705e-02
-6.574488431215286255e-02
-6.424192339181900024e-02
-6.259029358625411987e-02
-6.100112572312355042e-02
-5.949329584836959839e-02
-5.799303948879241943e-02
-5.656835809350013733e-02
-5.524205043911933899e-02
-5.393585562705993652e-02
-5.332812294363975525e-02
-5.272044241428375244e-02
-5.225111171603202820e-02
-5.182337760925292969e-02
-5.134334042668342590e-02
-5.094281584024429321e-02
-5.068715661764144897e-02
-5.033506080508232117e-02
-4.985260590910911560e-02
-4.927590861916542053e-02
-4.907761514186859131e-02
-4.873097315430641174e-02
-4.838812351226806641e-02
-4.796530678868293762e-02
-4.748329520225524902e-02
-4.696051031351089478e-02
-4.655393585562705994e-02
-4.716184735298156738e-02
-4.763847962021827698e-02
-4.798627272248268127e-02
-4.837273061275482178e-02
-4.903040081262588501e-02
-4.955540969967842102e-02
-4.986633732914924622e-02
