-5.499999523162841797e-01
-5.829375386238098145e-01
-5.983436703681945801e-01
-5.894572734832763672e-01
-5.666846036911010742e-01
-5.340817570686340332e-01
-4.964215457439422607e-01
-4.556466639041900635e-01
-4.130722582340240479e-01
-3.693205714225769043e-01
-3.243519961833953857e-01
-2.796682119369506836e-01
-2.336846739053726196e-01
-1.862448900938034058e-01
-1.370180249214172363e-01
-8.646254241466522217e-02
-4.276213794946670532e-02
-7.392767816781997681e-03
2.091138809919357300e-02
3.365596383810043335e-02
1.920935884118080139e-02
-2.887768670916557312e-03
-2.970478869974613190e-02
-5.532872304320335388e-02
-8.008247613906860352e-02
-1.017121672630310059e-01
-1.226586028933525085e-01
-1.416058093309402466e-01
-1.583042442798614502e-01
-1.711516976356506348e-01
-1.814097017049789429e-01
-1.887129396200180054e-01
-1.939925998449325562e-01
-1.970164924860000610e-01
-1.987814009189605713e-01
-2.000496238470077515e-01
-2.003572285175323486e-01
-1.999300122261047363e-01
-1.989493668079376221e-01
-1.978170126676559448e-01
-1.961570233106613159e-01
-1.936557143926620483e-01
-1.909349709749221802e-01
-1.877597421407699585e-01
-1.851442009210586548e-01
-1.800739318132400513e-01
-1.751696318387985229e-01
-1.703994274139404297e-01
-1.653972715139389038e-01
-1.605495512485504150e-01
-1.573148667812347412e-01
-1.539821326732635498e-01
-1.508231610059738159e-01
-1.474923789501190186e-01
-1.445188671350479126e-01
-1.420340389013290405e-01
-1.395363062620162964e-01
-1.371066421270370483e-01
-1.347041577100753784e-01
-1.323812156915664673e-01
-1.302476674318313599e-01
-1.281646341085433960e-01
-1.260875016450881958e-01
-1.241094917058944702e-01
-1.223719939589500427e-01
-1.206262707710266113e-01
-1.188971251249313354e-01
-1.172125563025474548e-01
-1.156364232301712036e-01
-1.138288304209709167e-01
-1.120914891362190247e-01
-1.103472188115119934e-01
-1.086039692163467407e-01
-1.068906038999557495e-01
-1.052715852856636047e-01
-1.036615297198295593e-01
-1.030920222401618958e-01
-1.024820655584335327e-01
-1.019240990281105042e-01
-1.014246493577957153e-01
-1.008814424276351929e-01
-1.004884019494056702e-01
-9.984355419874191284e-02
-9.911186993122100830e-02
-9.825845807790756226e-02
-9.728050231933593750e-02
-9.673210978507995605e-02
-9.617932885885238647e-02
-9.566320478916168213e-02
-9.503924846649169922e-02
-9.436123073101043701e-02
-9.364768862724304199e-02
-9.319048374891281128e-02
-9.454111754894256592e-02
-9.564328938722610474e-02
-9.653366357088088989e-02
-9.752422571182250977e-02
-9.877990931272506714e-02
-9.989387542009353638e-02
-1.007675826549530029e-01
